2025-03-06 23:01:06,122 - INFO - Session Started sucessfully <sqlalchemy.orm.session.Session object at 0x000002DC08D96FD0>
2025-03-06 23:01:07,366 - INFO - User choice function : customer_register -> <function customer_register at 0x000002DC08E26660>
2025-03-06 23:01:07,367 - INFO - Starting Customer registration.,
2025-03-06 23:01:15,077 - INFO - Collected Customer Data : {'name': 'john', 'email': 'j', 'mobile_no': '1', 'date_of_birth': '1999-09-09'}
2025-03-06 23:01:15,082 - INFO - Sucessfully added the customer into session DB : customer_id -> 10
2025-03-06 23:01:15,086 - INFO - Customer Data : {'customer_id': 10, 'name': 'john', 'email': 'j', 'mobile_no': '1', 'date_of_birth': datetime.date(1999, 9, 9)}
2025-03-06 23:01:15,086 - INFO - Inserting customer_id to loyalty_program table using customer_id=10
2025-03-06 23:01:15,088 - INFO - loyalty program inserted sucessfully .., loyalty_id -> 10
2025-03-06 23:01:15,108 - INFO - updated newbie points.,
2025-03-06 23:01:15,108 - INFO - returning {'customer_id': 10, 'name': 'john', 'email': 'j', 'mobile_no': '1', 'date_of_birth': datetime.date(1999, 9, 9)}
2025-03-06 23:01:15,108 - INFO - data returned by customer_register : {'customer_id': 10, 'name': 'john', 'email': 'j', 'mobile_no': '1', 'date_of_birth': datetime.date(1999, 9, 9)}
2025-03-06 23:01:42,732 - INFO - {'order_id': 11, 'total_price': Decimal('20.00'), 'discount_applied': Decimal('0.00'), 'final_price': Decimal('20.00'), 'payment_status': 'paid'}
2025-03-06 23:01:42,732 - INFO - Customer 10 earned 2 points for order 11.
2025-03-06 23:01:42,741 - INFO - Added new reward points log for order 11, customer 10.
2025-03-06 23:09:52,921 - INFO - Session Started sucessfully <sqlalchemy.orm.session.Session object at 0x00000178ABCD7250>
2025-03-06 23:09:54,334 - INFO - User choice function : customer_register -> <function customer_register at 0x00000178ABD665C0>
2025-03-06 23:09:54,334 - INFO - Starting Customer registration.,
2025-03-06 23:10:01,590 - INFO - Collected Customer Data : {'name': 'j', 'email': 'j', 'mobile_no': '1', 'date_of_birth': '1999-09-09'}
2025-03-06 23:10:01,595 - INFO - Sucessfully added the customer into session DB : customer_id -> 11
2025-03-06 23:10:01,599 - INFO - Customer Data : {'customer_id': 11, 'name': 'j', 'email': 'j', 'mobile_no': '1', 'date_of_birth': datetime.date(1999, 9, 9)}
2025-03-06 23:10:01,599 - INFO - Inserting customer_id to loyalty_program table using customer_id=11
2025-03-06 23:10:01,601 - INFO - loyalty program inserted sucessfully .., loyalty_id -> 11
2025-03-06 23:10:01,642 - INFO - updated newbie points.,
2025-03-06 23:10:01,642 - INFO - returning {'customer_id': 11, 'name': 'j', 'email': 'j', 'mobile_no': '1', 'date_of_birth': datetime.date(1999, 9, 9)}
2025-03-06 23:10:01,642 - INFO - data returned by customer_register : {'customer_id': 11, 'name': 'j', 'email': 'j', 'mobile_no': '1', 'date_of_birth': datetime.date(1999, 9, 9)}
2025-03-06 23:10:28,063 - INFO - {'order_id': 12, 'total_price': Decimal('20.00'), 'discount_applied': Decimal('2.00'), 'final_price': Decimal('18.00'), 'payment_status': 'paid'}
2025-03-06 23:10:28,063 - INFO - Customer 11 earned 2 points for order 12.
2025-03-06 23:10:28,071 - INFO - Added new reward points log for order 12, customer 11.
2025-03-07 00:06:18,703 - INFO - Session Started sucessfully <sqlalchemy.orm.session.Session object at 0x0000019E812EF4D0>
2025-03-07 00:06:21,553 - INFO - User choice function : customer_register -> <function customer_register at 0x0000019E81382660>
2025-03-07 00:06:21,553 - INFO - Starting Customer registration.,
2025-03-07 00:06:33,612 - INFO - Session Started sucessfully <sqlalchemy.orm.session.Session object at 0x0000016A578CF380>
2025-03-07 00:06:39,134 - INFO - User choice function : customer_register -> <function customer_register at 0x0000016A5795E660>
2025-03-07 00:06:39,134 - INFO - Starting Customer registration.,
2025-03-07 00:06:48,593 - INFO - Collected Customer Data : {'name': '1', 'email': '1', 'mobile_no': '1', 'date_of_birth': '1999-09-09'}
2025-03-07 00:06:48,599 - INFO - Sucessfully added the customer into session DB : customer_id -> 1
2025-03-07 00:06:48,601 - INFO - Customer Data : {'customer_id': 1, 'name': '1', 'email': '1', 'mobile_no': '1', 'date_of_birth': datetime.date(1999, 9, 9)}
2025-03-07 00:06:48,601 - INFO - Inserting customer_id to loyalty_program table using customer_id=1
2025-03-07 00:07:15,254 - INFO - Session Started sucessfully <sqlalchemy.orm.session.Session object at 0x00000259FCCEF4D0>
2025-03-07 00:07:17,060 - INFO - User choice function : customer_register -> <function customer_register at 0x00000259FCD82660>
2025-03-07 00:07:17,061 - INFO - Starting Customer registration.,
2025-03-07 00:07:25,283 - INFO - Collected Customer Data : {'name': 's', 'email': 's', 'mobile_no': '1', 'date_of_birth': '1999-09-09'}
2025-03-07 00:07:25,287 - INFO - Sucessfully added the customer into session DB : customer_id -> 2
2025-03-07 00:07:25,288 - INFO - Customer Data : {'customer_id': 2, 'name': 's', 'email': 's', 'mobile_no': '1', 'date_of_birth': datetime.date(1999, 9, 9)}
2025-03-07 00:07:25,288 - INFO - Inserting customer_id to loyalty_program table using customer_id=2
2025-03-07 00:08:59,639 - INFO - Session Started sucessfully <sqlalchemy.orm.session.Session object at 0x0000015C472FF380>
2025-03-07 00:09:01,208 - INFO - User choice function : customer_register -> <function customer_register at 0x0000015C47396660>
2025-03-07 00:09:01,208 - INFO - Starting Customer registration.,
2025-03-07 00:09:08,561 - INFO - Collected Customer Data : {'name': 'j', 'email': 'j', 'mobile_no': '1', 'date_of_birth': '1999-09-09'}
2025-03-07 00:09:08,567 - INFO - Sucessfully added the customer into session DB : customer_id -> 1
2025-03-07 00:09:08,568 - INFO - Customer Data : {'customer_id': 1, 'name': 'j', 'email': 'j', 'mobile_no': '1', 'date_of_birth': datetime.date(1999, 9, 9)}
2025-03-07 00:09:08,568 - INFO - Inserting customer_id to loyalty_program table using customer_id=1
2025-03-07 00:09:08,569 - INFO - loyalty program inserted sucessfully .., loyalty_id -> 1
2025-03-07 00:09:08,580 - INFO - updated newbie points.,
2025-03-07 00:09:08,580 - INFO - returning {'customer_id': 1, 'name': 'j', 'email': 'j', 'mobile_no': '1', 'date_of_birth': datetime.date(1999, 9, 9)}
2025-03-07 00:09:08,580 - INFO - data returned by customer_register : {'customer_id': 1, 'name': 'j', 'email': 'j', 'mobile_no': '1', 'date_of_birth': datetime.date(1999, 9, 9)}
2025-03-07 00:09:40,150 - INFO - Session Started sucessfully <sqlalchemy.orm.session.Session object at 0x0000029B9F43F4D0>
2025-03-07 00:09:41,223 - INFO - User choice function : customer_register -> <function customer_register at 0x0000029B9F4D2660>
2025-03-07 00:09:41,223 - INFO - Starting Customer registration.,
2025-03-07 00:09:50,266 - INFO - Collected Customer Data : {'name': 'j', 'email': 'j', 'mobile_no': '1', 'date_of_birth': '1999-09-09'}
2025-03-07 00:09:50,270 - INFO - Sucessfully added the customer into session DB : customer_id -> 2
2025-03-07 00:09:50,271 - INFO - Customer Data : {'customer_id': 2, 'name': 'j', 'email': 'j', 'mobile_no': '1', 'date_of_birth': datetime.date(1999, 9, 9)}
2025-03-07 00:09:50,271 - INFO - Inserting customer_id to loyalty_program table using customer_id=2
2025-03-07 00:09:50,272 - INFO - loyalty program inserted sucessfully .., loyalty_id -> 2
2025-03-07 00:09:50,302 - INFO - updated newbie points.,
2025-03-07 00:09:50,302 - INFO - returning {'customer_id': 2, 'name': 'j', 'email': 'j', 'mobile_no': '1', 'date_of_birth': datetime.date(1999, 9, 9)}
2025-03-07 00:09:50,302 - INFO - data returned by customer_register : {'customer_id': 2, 'name': 'j', 'email': 'j', 'mobile_no': '1', 'date_of_birth': datetime.date(1999, 9, 9)}
2025-03-07 00:14:08,170 - INFO - Session Started sucessfully <sqlalchemy.orm.session.Session object at 0x000001A5FE9AF4D0>
2025-03-07 00:14:09,530 - INFO - User choice function : customer_register -> <function customer_register at 0x000001A5FEA425C0>
2025-03-07 00:14:09,531 - INFO - Starting Customer registration.,
2025-03-07 00:14:16,129 - INFO - Collected Customer Data : {'name': 'j', 'email': 'j', 'mobile_no': '1', 'date_of_birth': '1999-09-09'}
2025-03-07 00:14:16,135 - INFO - Sucessfully added the customer into session DB : customer_id -> 3
2025-03-07 00:14:16,137 - INFO - Customer Data : {'customer_id': 3, 'name': 'j', 'email': 'j', 'mobile_no': '1', 'date_of_birth': datetime.date(1999, 9, 9)}
2025-03-07 00:14:16,137 - INFO - Inserting customer_id to loyalty_program table using customer_id=3
2025-03-07 00:14:16,138 - INFO - loyalty program inserted sucessfully .., loyalty_id -> 3
2025-03-07 00:14:16,163 - INFO - updated newbie points.,
2025-03-07 00:14:16,163 - INFO - returning {'customer_id': 3, 'name': 'j', 'email': 'j', 'mobile_no': '1', 'date_of_birth': datetime.date(1999, 9, 9)}
2025-03-07 00:14:16,163 - INFO - data returned by customer_register : {'customer_id': 3, 'name': 'j', 'email': 'j', 'mobile_no': '1', 'date_of_birth': datetime.date(1999, 9, 9)}
2025-03-07 00:14:41,652 - INFO - Session Started sucessfully <sqlalchemy.orm.session.Session object at 0x0000029CF94FF380>
2025-03-07 00:14:46,827 - INFO - Session Started sucessfully <sqlalchemy.orm.session.Session object at 0x000001D72979F380>
2025-03-07 00:14:48,185 - INFO - User choice function : customer_register -> <function customer_register at 0x000001D7298365C0>
2025-03-07 00:14:48,186 - INFO - Starting Customer registration.,
2025-03-07 00:14:59,382 - INFO - Collected Customer Data : {'name': 'j', 'email': 'j', 'mobile_no': '1', 'date_of_birth': '1999-09-09'}
2025-03-07 00:14:59,385 - INFO - Sucessfully added the customer into session DB : customer_id -> 4
2025-03-07 00:14:59,387 - INFO - Customer Data : {'customer_id': 4, 'name': 'j', 'email': 'j', 'mobile_no': '1', 'date_of_birth': datetime.date(1999, 9, 9)}
2025-03-07 00:14:59,387 - INFO - Inserting customer_id to loyalty_program table using customer_id=4
2025-03-07 00:14:59,388 - INFO - loyalty program inserted sucessfully .., loyalty_id -> 4
2025-03-07 00:14:59,424 - INFO - updated newbie points.,
2025-03-07 00:14:59,424 - INFO - returning {'customer_id': 4, 'name': 'j', 'email': 'j', 'mobile_no': '1', 'date_of_birth': datetime.date(1999, 9, 9)}
2025-03-07 00:14:59,424 - INFO - data returned by customer_register : {'customer_id': 4, 'name': 'j', 'email': 'j', 'mobile_no': '1', 'date_of_birth': datetime.date(1999, 9, 9)}
2025-03-07 00:17:56,767 - INFO - {'order_id': 1, 'total_price': Decimal('20.00'), 'discount_applied': Decimal('2.00'), 'final_price': Decimal('18.00'), 'payment_status': 'paid'}
2025-03-07 00:17:56,767 - INFO - Customer 4 earned 2 points for order 1.
2025-03-07 00:17:56,773 - INFO - Added new reward points log for order 1, customer 4.
2025-03-07 11:15:35,500 - INFO - Session Started sucessfully <sqlalchemy.orm.session.Session object at 0x00000237AA91F380>
2025-03-07 11:15:37,474 - INFO - User choice function : customer_register -> <function customer_register at 0x00000237AA9B65C0>
2025-03-07 11:15:37,475 - INFO - Starting Customer registration.,
2025-03-07 11:15:55,557 - INFO - Collected Customer Data : {'name': 'john', 'email': 'john@gmail.com', 'mobile_no': '1234567890', 'date_of_birth': '1999-09-09'}
2025-03-07 11:15:55,568 - INFO - Sucessfully added the customer into session DB : customer_id -> 5
2025-03-07 11:15:55,572 - INFO - Customer Data : {'customer_id': 5, 'name': 'john', 'email': 'john@gmail.com', 'mobile_no': '1234567890', 'date_of_birth': datetime.date(1999, 9, 9)}
2025-03-07 11:15:55,572 - INFO - Inserting customer_id to loyalty_program table using customer_id=5
2025-03-07 11:15:55,577 - INFO - loyalty program inserted sucessfully .., loyalty_id -> 5
2025-03-07 11:15:55,600 - INFO - updated newbie points.,
2025-03-07 11:15:55,600 - INFO - returning {'customer_id': 5, 'name': 'john', 'email': 'john@gmail.com', 'mobile_no': '1234567890', 'date_of_birth': datetime.date(1999, 9, 9)}
2025-03-07 11:15:55,600 - INFO - data returned by customer_register : {'customer_id': 5, 'name': 'john', 'email': 'john@gmail.com', 'mobile_no': '1234567890', 'date_of_birth': datetime.date(1999, 9, 9)}
2025-03-07 11:17:11,751 - INFO - {'order_id': 2, 'total_price': Decimal('20.00'), 'discount_applied': Decimal('4.00'), 'final_price': Decimal('16.00'), 'payment_status': 'paid'}
2025-03-07 11:17:11,751 - INFO - Customer 5 earned 2 points for order 2.
2025-03-07 11:17:11,761 - INFO - Added new reward points log for order 2, customer 5.
2025-03-07 12:09:42,517 - INFO - Session Started sucessfully <sqlalchemy.orm.session.Session object at 0x000001DC2495F4D0>
2025-03-07 12:10:23,508 - INFO - User choice function : customer_login -> <function customer_login at 0x000001DC249F6520>
2025-03-07 12:10:30,806 - INFO - data returned by customer_login : {'customer_id': 4, 'name': 'j', 'email': 'j', 'mobile_no': '1', 'date_of_birth': datetime.date(1999, 9, 9)}
2025-03-07 12:13:01,921 - INFO - {'order_id': 3, 'total_price': Decimal('20.00'), 'discount_applied': Decimal('4.00'), 'final_price': Decimal('16.00'), 'payment_status': 'paid'}
2025-03-07 12:13:01,921 - INFO - Customer 4 earned 2 points for order 3.
2025-03-07 12:13:01,929 - INFO - Added new reward points log for order 3, customer 4.
2025-03-07 12:17:39,764 - INFO - Session Started sucessfully <sqlalchemy.orm.session.Session object at 0x0000028FBBBEF380>
2025-03-07 12:17:46,067 - INFO - Session Started sucessfully <sqlalchemy.orm.session.Session object at 0x00000204DB39F380>
2025-03-07 12:17:47,710 - INFO - User choice function : customer_register -> <function customer_register at 0x00000204DB4365C0>
2025-03-07 12:17:47,710 - INFO - Starting Customer registration.,
2025-03-07 12:18:11,746 - INFO - Collected Customer Data : {'name': 'john', 'email': 'johnnn', 'mobile_no': '12345', 'date_of_birth': '1999-09-09'}
2025-03-07 12:18:11,753 - INFO - Sucessfully added the customer into session DB : customer_id -> 6
2025-03-07 12:18:11,757 - INFO - Customer Data : {'customer_id': 6, 'name': 'john', 'email': 'johnnn', 'mobile_no': '12345', 'date_of_birth': datetime.date(1999, 9, 9)}
2025-03-07 12:18:11,757 - INFO - Inserting customer_id to loyalty_program table using customer_id=6
2025-03-07 12:18:11,760 - INFO - loyalty program inserted sucessfully .., loyalty_id -> 6
2025-03-07 12:18:11,802 - INFO - updated newbie points.,
2025-03-07 12:18:11,802 - INFO - returning {'customer_id': 6, 'name': 'john', 'email': 'johnnn', 'mobile_no': '12345', 'date_of_birth': datetime.date(1999, 9, 9)}
2025-03-07 12:18:11,802 - INFO - data returned by customer_register : {'customer_id': 6, 'name': 'john', 'email': 'johnnn', 'mobile_no': '12345', 'date_of_birth': datetime.date(1999, 9, 9)}
2025-03-07 12:20:22,449 - INFO - {'order_id': 4, 'total_price': Decimal('40.00'), 'discount_applied': Decimal('4.00'), 'final_price': Decimal('36.00'), 'payment_status': 'paid'}
2025-03-07 12:20:22,449 - INFO - Customer 6 earned 4 points for order 4.
2025-03-07 12:20:22,458 - INFO - Added new reward points log for order 4, customer 6.
2025-03-08 17:22:06,428 - INFO - Session Started sucessfully <sqlalchemy.orm.session.Session object at 0x000002246A1AF4D0>
2025-03-08 17:23:32,947 - INFO - Session Started sucessfully <sqlalchemy.orm.session.Session object at 0x000001F0076AF4D0>
2025-03-08 17:33:42,914 - INFO - Session Started sucessfully <sqlalchemy.orm.session.Session object at 0x000001E6B2D6F380>
2025-03-08 17:36:17,871 - INFO - {'order_id': 1, 'total_price': Decimal('140.00'), 'discount_applied': Decimal('28.00'), 'final_price': Decimal('112.00'), 'payment_status': 'paid'}
2025-03-08 17:36:17,871 - INFO - Customer 1 earned 14 points for order 1.
2025-03-08 17:36:17,875 - INFO - Added new reward points log for order 1, customer 1.
2025-03-08 18:46:49,778 - INFO - Session Started sucessfully <sqlalchemy.orm.session.Session object at 0x00000244C0A5B620>
2025-03-08 18:50:05,103 - INFO - Session Started sucessfully <sqlalchemy.orm.session.Session object at 0x00000277DEFCB620>
2025-03-08 18:50:20,996 - INFO - Session Started sucessfully <sqlalchemy.orm.session.Session object at 0x000002463CCAB620>
2025-03-08 18:57:38,916 - INFO - Session Started sucessfully <sqlalchemy.orm.session.Session object at 0x000001D6A020F620>
2025-03-08 18:58:18,877 - INFO - Session Started sucessfully <sqlalchemy.orm.session.Session object at 0x0000027475B6F620>
2025-03-08 18:58:51,421 - INFO - Session Started sucessfully <sqlalchemy.orm.session.Session object at 0x00000298920BF4D0>
2025-03-08 18:59:19,400 - INFO - Session Started sucessfully <sqlalchemy.orm.session.Session object at 0x00000207BEADF4D0>
2025-03-08 18:59:50,686 - INFO - Session Started sucessfully <sqlalchemy.orm.session.Session object at 0x000001C74384F4D0>
2025-03-08 19:02:00,180 - INFO - Session Started sucessfully <sqlalchemy.orm.session.Session object at 0x00000275DD0AF4D0>
2025-03-08 19:08:53,382 - INFO - Session Started sucessfully <sqlalchemy.orm.session.Session object at 0x0000029CC2DAF620>
2025-03-08 19:09:51,953 - INFO - Session Started sucessfully <sqlalchemy.orm.session.Session object at 0x0000024EC158F380>
2025-03-08 19:11:38,039 - INFO - {'order_id': 2, 'total_price': Decimal('160.00'), 'discount_applied': Decimal('48.00'), 'final_price': Decimal('112.00'), 'payment_status': 'paid'}
2025-03-08 19:11:38,039 - INFO - Customer 2 earned 16 points for order 2.
2025-03-08 19:11:38,050 - INFO - Added new reward points log for order 2, customer 2.
2025-03-08 19:13:48,686 - INFO - Session Started sucessfully <sqlalchemy.orm.session.Session object at 0x00000299566FF380>
2025-03-08 19:22:31,948 - INFO - Session Started sucessfully <sqlalchemy.orm.session.Session object at 0x00000231CEB1F380>
2025-03-08 19:24:07,563 - INFO - {'order_id': 3, 'total_price': Decimal('400.00'), 'discount_applied': Decimal('120.00'), 'final_price': Decimal('280.00'), 'payment_status': 'paid'}
2025-03-08 19:24:07,563 - INFO - Customer 3 earned 40 points for order 3.
2025-03-08 19:24:07,574 - INFO - Added new reward points log for order 3, customer 3.
2025-03-08 19:28:24,404 - INFO - Session Started sucessfully <sqlalchemy.orm.session.Session object at 0x00000217AC60F620>
2025-03-08 19:28:32,429 - INFO - Session Started sucessfully <sqlalchemy.orm.session.Session object at 0x00000217AC616990>
2025-03-08 19:31:09,989 - INFO - {'order_id': 4, 'total_price': Decimal('1200.00'), 'discount_applied': Decimal('940.00'), 'final_price': Decimal('260.00'), 'payment_status': 'paid'}
2025-03-08 19:31:09,990 - INFO - Customer 4 earned 120 points for order 4.
2025-03-08 19:31:10,004 - INFO - Added new reward points log for order 4, customer 4.
2025-03-08 19:32:00,027 - INFO - Session Started sucessfully <sqlalchemy.orm.session.Session object at 0x00000217AC86CC80>
2025-03-08 19:33:25,375 - INFO - {'order_id': 5, 'total_price': Decimal('240.00'), 'discount_applied': Decimal('72.00'), 'final_price': Decimal('168.00'), 'payment_status': 'paid'}
2025-03-08 19:33:25,375 - INFO - Customer 5 earned 24 points for order 5.
2025-03-08 19:33:25,382 - INFO - Added new reward points log for order 5, customer 5.
2025-03-08 19:34:14,168 - INFO - Session Started sucessfully <sqlalchemy.orm.session.Session object at 0x00000217AC86CC80>
2025-03-08 19:37:15,886 - INFO - {'order_id': 6, 'total_price': Decimal('150.00'), 'discount_applied': Decimal('45.00'), 'final_price': Decimal('105.00'), 'payment_status': 'paid'}
2025-03-08 19:37:15,886 - INFO - Customer 6 earned 15 points for order 6.
2025-03-08 19:37:15,893 - INFO - Added new reward points log for order 6, customer 6.
2025-03-08 19:41:23,555 - INFO - Session Started sucessfully <sqlalchemy.orm.session.Session object at 0x00000217AC86CC80>
2025-03-08 19:42:24,230 - INFO - Session Started sucessfully <sqlalchemy.orm.session.Session object at 0x000001F7A7D2F380>
2025-03-08 19:43:10,598 - INFO - {'order_id': 8, 'total_price': Decimal('50.00'), 'discount_applied': Decimal('0.00'), 'final_price': Decimal('50.00'), 'payment_status': 'paid'}
2025-03-08 19:43:10,599 - INFO - Customer 1 earned 5 points for order 8.
2025-03-08 19:43:10,610 - INFO - Added new reward points log for order 8, customer 1.
2025-03-08 19:44:27,135 - INFO - Session Started sucessfully <sqlalchemy.orm.session.Session object at 0x000001F7A7DA1BA0>
2025-03-08 19:46:04,533 - INFO - {'order_id': 9, 'total_price': Decimal('140.00'), 'discount_applied': Decimal('42.00'), 'final_price': Decimal('98.00'), 'payment_status': 'paid'}
2025-03-08 19:46:04,533 - INFO - Customer 7 earned 14 points for order 9.
2025-03-08 19:46:04,544 - INFO - Added new reward points log for order 9, customer 7.
2025-03-08 19:47:07,909 - INFO - Session Started sucessfully <sqlalchemy.orm.session.Session object at 0x000001F7A7DBDA50>
2025-03-08 19:49:33,285 - INFO - {'order_id': 10, 'total_price': Decimal('1425.00'), 'discount_applied': Decimal('528.00'), 'final_price': Decimal('897.00'), 'payment_status': 'paid'}
2025-03-08 19:49:33,285 - INFO - Customer 8 earned 142 points for order 10.
2025-03-08 19:49:33,292 - INFO - Added new reward points log for order 10, customer 8.
2025-03-08 19:50:11,950 - INFO - Session Started sucessfully <sqlalchemy.orm.session.Session object at 0x000001F7A7F687D0>
2025-03-08 19:51:52,553 - INFO - {'order_id': 11, 'total_price': Decimal('1150.00'), 'discount_applied': Decimal('115.00'), 'final_price': Decimal('1035.00'), 'payment_status': 'paid'}
2025-03-08 19:51:52,553 - INFO - Customer 4 earned 115 points for order 11.
2025-03-08 19:51:52,566 - INFO - Updated reward points for order 11 to 115.
2025-03-08 19:53:43,362 - INFO - Session Started sucessfully <sqlalchemy.orm.session.Session object at 0x000001F7A7F687D0>
2025-03-08 19:54:25,725 - INFO - {'order_id': 12, 'total_price': Decimal('70.00'), 'discount_applied': Decimal('0.00'), 'final_price': Decimal('70.00'), 'payment_status': 'paid'}
2025-03-08 19:56:03,684 - INFO - Session Started sucessfully <sqlalchemy.orm.session.Session object at 0x000001F7A7F687D0>
2025-03-08 19:57:32,116 - INFO - {'order_id': 13, 'total_price': Decimal('550.00'), 'discount_applied': Decimal('220.00'), 'final_price': Decimal('330.00'), 'payment_status': 'paid'}
2025-03-08 19:57:32,117 - INFO - Customer 9 earned 55 points for order 13.
2025-03-08 19:57:32,121 - INFO - Added new reward points log for order 13, customer 9.
2025-03-08 19:58:21,873 - INFO - Session Started sucessfully <sqlalchemy.orm.session.Session object at 0x000001F7A7F687D0>
2025-03-08 19:59:02,541 - INFO - {'order_id': 14, 'total_price': Decimal('50.00'), 'discount_applied': Decimal('0.00'), 'final_price': Decimal('50.00'), 'payment_status': 'paid'}
2025-03-08 19:59:02,542 - INFO - Customer 1 earned 5 points for order 14.
2025-03-08 19:59:02,549 - INFO - Added new reward points log for order 14, customer 1.
2025-03-08 19:59:42,253 - INFO - Session Started sucessfully <sqlalchemy.orm.session.Session object at 0x000001F7A7F687D0>
2025-03-08 19:59:48,163 - INFO - Session Started sucessfully <sqlalchemy.orm.session.Session object at 0x000001F7A7F687D0>
2025-03-08 20:00:51,499 - INFO - {'order_id': 15, 'total_price': Decimal('105.00'), 'discount_applied': Decimal('26.00'), 'final_price': Decimal('79.00'), 'payment_status': 'paid'}
2025-03-08 20:00:51,499 - INFO - Customer 5 earned 10 points for order 15.
2025-03-08 20:00:51,506 - INFO - Updated reward points for order 15 to 10.
2025-03-08 20:02:27,073 - INFO - Session Started sucessfully <sqlalchemy.orm.session.Session object at 0x000001F7A7F687D0>
2025-03-08 20:02:58,547 - INFO - {'order_id': 16, 'total_price': Decimal('45.00'), 'discount_applied': Decimal('0.00'), 'final_price': Decimal('45.00'), 'payment_status': 'paid'}
2025-03-08 20:03:00,334 - INFO - Session Started sucessfully <sqlalchemy.orm.session.Session object at 0x000001F7A7F687D0>
2025-03-08 20:03:49,193 - INFO - {'order_id': 17, 'total_price': Decimal('340.00'), 'discount_applied': Decimal('0.00'), 'final_price': Decimal('340.00'), 'payment_status': 'paid'}
2025-03-08 20:03:49,194 - INFO - Customer 2 earned 34 points for order 17.
2025-03-08 20:03:49,200 - INFO - Added new reward points log for order 17, customer 2.
2025-03-08 20:07:38,805 - INFO - Session Started sucessfully <sqlalchemy.orm.session.Session object at 0x000001F7A7F687D0>
2025-03-08 20:09:08,462 - INFO - {'order_id': 18, 'total_price': Decimal('155.00'), 'discount_applied': Decimal('47.00'), 'final_price': Decimal('108.00'), 'payment_status': 'paid'}
2025-03-08 20:09:08,463 - INFO - Customer 10 earned 15 points for order 18.
2025-03-08 20:09:08,471 - INFO - Added new reward points log for order 18, customer 10.
2025-03-08 20:20:50,606 - INFO - Session Started sucessfully <sqlalchemy.orm.session.Session object at 0x000001F7A7F687D0>
2025-03-08 20:20:58,636 - INFO - Session Started sucessfully <sqlalchemy.orm.session.Session object at 0x000001F7A7F687D0>
2025-03-08 20:21:02,966 - INFO - Session Started sucessfully <sqlalchemy.orm.session.Session object at 0x000001F7A7F687D0>
2025-03-08 20:21:55,885 - INFO - {'order_id': 19, 'total_price': Decimal('70.00'), 'discount_applied': Decimal('7.00'), 'final_price': Decimal('63.00'), 'payment_status': 'paid'}
2025-03-08 20:21:55,885 - INFO - Customer 6 earned 7 points for order 19.
2025-03-08 20:21:55,888 - INFO - Added new reward points log for order 19, customer 6.
2025-03-08 20:22:23,122 - INFO - Session Started sucessfully <sqlalchemy.orm.session.Session object at 0x000001F7A7F687D0>
2025-03-08 20:22:29,829 - INFO - Session Started sucessfully <sqlalchemy.orm.session.Session object at 0x000001F7A7F687D0>
2025-03-08 20:23:57,602 - INFO - {'order_id': 20, 'total_price': Decimal('800.00'), 'discount_applied': Decimal('411.00'), 'final_price': Decimal('389.00'), 'payment_status': 'partially_paid'}
2025-03-08 20:26:50,543 - INFO - Session Started sucessfully <sqlalchemy.orm.session.Session object at 0x000001F7A7F687D0>
2025-03-08 20:27:13,746 - INFO - {'order_id': 21, 'total_price': Decimal('50.00'), 'discount_applied': Decimal('0.00'), 'final_price': Decimal('50.00'), 'payment_status': 'paid'}
2025-03-08 20:27:46,607 - INFO - Session Started sucessfully <sqlalchemy.orm.session.Session object at 0x000001F7A7F687D0>
2025-03-08 20:29:12,383 - INFO - {'order_id': 22, 'total_price': Decimal('300.00'), 'discount_applied': Decimal('127.00'), 'final_price': Decimal('173.00'), 'payment_status': 'partially_paid'}
2025-03-08 20:32:19,458 - INFO - Session Started sucessfully <sqlalchemy.orm.session.Session object at 0x000001F7A7F687D0>
2025-03-08 20:33:24,212 - INFO - Session Started sucessfully <sqlalchemy.orm.session.Session object at 0x000001F7A7F687D0>
2025-03-08 20:34:01,194 - INFO - {'order_id': 24, 'total_price': Decimal('20.00'), 'discount_applied': Decimal('2.00'), 'final_price': Decimal('18.00'), 'payment_status': 'paid'}
2025-03-08 20:34:01,195 - INFO - Customer 11 earned 2 points for order 24.
2025-03-08 20:34:01,202 - INFO - Added new reward points log for order 24, customer 11.
2025-03-09 00:10:08,750 - INFO - Session Started sucessfully <sqlalchemy.orm.session.Session object at 0x00000164307041A0>
2025-03-09 00:12:25,914 - INFO - {'order_id': 25, 'total_price': Decimal('80.00'), 'discount_applied': Decimal('13.00'), 'final_price': Decimal('67.00'), 'payment_status': 'paid'}
2025-03-09 00:12:25,915 - INFO - Customer 1 earned 8 points for order 25.
2025-03-09 00:12:25,926 - INFO - Updated reward points for order 25 to 8.
2025-03-25 14:13:12,354 - INFO - Session Started sucessfully <sqlalchemy.orm.session.Session object at 0x0000013452A486E0>
